{"/Users/catalinariveros/Projects/fullstack_training_catrivers_assignments/7_lecture/7.5/src/7.3.ts": {"path":"/Users/catalinariveros/Projects/fullstack_training_catrivers_assignments/7_lecture/7.5/src/7.3.ts","statementMap":{"0":{"start":{"line":3,"column":2},"end":{"line":14,"column":null}},"1":{"start":{"line":5,"column":6},"end":{"line":5,"column":33}},"2":{"start":{"line":7,"column":6},"end":{"line":7,"column":33}},"3":{"start":{"line":9,"column":6},"end":{"line":9,"column":33}},"4":{"start":{"line":11,"column":6},"end":{"line":11,"column":33}},"5":{"start":{"line":13,"column":6},"end":{"line":13,"column":35}},"6":{"start":{"line":1,"column":0},"end":{"line":1,"column":16}},"7":{"start":{"line":16,"column":0},"end":{"line":16,"column":null}}},"fnMap":{"0":{"name":"calculator","decl":{"start":{"line":1,"column":16},"end":{"line":1,"column":26}},"loc":{"start":{"line":1,"column":71},"end":{"line":15,"column":1}}}},"branchMap":{"0":{"loc":{"start":{"line":3,"column":2},"end":{"line":14,"column":null}},"type":"switch","locations":[{"start":{"line":4,"column":2},"end":{"line":5,"column":33}},{"start":{"line":6,"column":2},"end":{"line":7,"column":33}},{"start":{"line":8,"column":2},"end":{"line":9,"column":33}},{"start":{"line":10,"column":2},"end":{"line":11,"column":33}},{"start":{"line":12,"column":2},"end":{"line":13,"column":35}}]}},"s":{"0":8,"1":2,"2":1,"3":3,"4":1,"5":1,"6":1,"7":1},"f":{"0":8},"b":{"0":[2,1,3,1,1]}}
}
